[0807/135118.720:ERROR:audio_rtp_receiver.cc(89)] AudioRtpReceiver::OnSetVolume: No audio channel exists.
[0807/135118.721:WARNING:used_ids.h(55)] Duplicate id found. Reassigning from 104 to 127
[0807/135118.721:WARNING:used_ids.h(55)] Duplicate id found. Reassigning from 102 to 125
[0807/135118.721:WARNING:used_ids.h(55)] Duplicate id found. Reassigning from 104 to 124
[0807/135118.721:WARNING:used_ids.h(55)] Duplicate id found. Reassigning from 106 to 123
[0807/135118.721:WARNING:used_ids.h(55)] Duplicate id found. Reassigning from 103 to 122
[0807/135118.721:WARNING:used_ids.h(55)] Duplicate id found. Reassigning from 105 to 121
[0807/135118.721:WARNING:used_ids.h(55)] Duplicate id found. Reassigning from 109 to 120
[0807/135118.721:WARNING:used_ids.h(55)] Duplicate id found. Reassigning from 1 to 14
[0807/135118.721:WARNING:used_ids.h(55)] Duplicate id found. Reassigning from 3 to 13
[0807/135118.721:WARNING:used_ids.h(55)] Duplicate id found. Reassigning from 5 to 12
[0807/135118.721:WARNING:used_ids.h(55)] Duplicate id found. Reassigning from 6 to 11
[0809/152722.350:WARNING:spdy_session.cc(3365)] Received HEADERS for invalid stream 43
[0809/152941.775:ERROR:audio_rtp_receiver.cc(89)] AudioRtpReceiver::OnSetVolume: No audio channel exists.
[0809/152941.775:WARNING:used_ids.h(55)] Duplicate id found. Reassigning from 104 to 127
[0809/152941.775:WARNING:used_ids.h(55)] Duplicate id found. Reassigning from 102 to 125
[0809/152941.775:WARNING:used_ids.h(55)] Duplicate id found. Reassigning from 104 to 124
[0809/152941.775:WARNING:used_ids.h(55)] Duplicate id found. Reassigning from 106 to 123
[0809/152941.775:WARNING:used_ids.h(55)] Duplicate id found. Reassigning from 103 to 122
[0809/152941.775:WARNING:used_ids.h(55)] Duplicate id found. Reassigning from 105 to 121
[0809/152941.775:WARNING:used_ids.h(55)] Duplicate id found. Reassigning from 109 to 120
[0809/152941.776:WARNING:used_ids.h(55)] Duplicate id found. Reassigning from 1 to 14
[0809/152941.776:WARNING:used_ids.h(55)] Duplicate id found. Reassigning from 3 to 13
[0809/152941.776:WARNING:used_ids.h(55)] Duplicate id found. Reassigning from 5 to 12
[0809/152941.776:WARNING:used_ids.h(55)] Duplicate id found. Reassigning from 6 to 11
[0809/153000.486:WARNING:used_ids.h(55)] Duplicate id found. Reassigning from 104 to 127
[0809/153000.486:WARNING:used_ids.h(55)] Duplicate id found. Reassigning from 102 to 125
[0809/153000.486:WARNING:used_ids.h(55)] Duplicate id found. Reassigning from 104 to 124
[0809/153000.486:WARNING:used_ids.h(55)] Duplicate id found. Reassigning from 106 to 123
[0809/153000.487:WARNING:used_ids.h(55)] Duplicate id found. Reassigning from 103 to 122
[0809/153000.487:WARNING:used_ids.h(55)] Duplicate id found. Reassigning from 105 to 121
[0809/153000.487:WARNING:used_ids.h(55)] Duplicate id found. Reassigning from 109 to 120
[0809/153000.487:WARNING:used_ids.h(55)] Duplicate id found. Reassigning from 1 to 14
[0809/153000.487:WARNING:used_ids.h(55)] Duplicate id found. Reassigning from 3 to 13
[0809/153000.487:WARNING:used_ids.h(55)] Duplicate id found. Reassigning from 5 to 12
[0809/153000.487:WARNING:used_ids.h(55)] Duplicate id found. Reassigning from 6 to 11
[0809/153000.487:ERROR:audio_rtp_receiver.cc(89)] AudioRtpReceiver::OnSetVolume: No audio channel exists.
[0809/153004.282:ERROR:batching_media_log.cc(38)] MediaEvent: {"error":"FFmpegDemuxer: no supported streams"}
[0809/153004.282:ERROR:batching_media_log.cc(35)] MediaEvent: {"pipeline_error":14}
[0809/153004.287:ERROR:batching_media_log.cc(38)] MediaEvent: {"error":"FFmpegDemuxer: no supported streams"}
[0809/153004.287:ERROR:batching_media_log.cc(35)] MediaEvent: {"pipeline_error":14}
[0819/132119.073:ERROR:entry_impl.cc(1076)] No file for 80000508
[0819/132119.081:ERROR:entry_impl.cc(1076)] No file for 80000509
[0819/132119.087:ERROR:entry_impl.cc(1076)] No file for 8000050a
[0819/132119.090:ERROR:entry_impl.cc(1076)] No file for 8000050b
[0819/132119.091:ERROR:entry_impl.cc(1076)] No file for 8000050c
[0819/132119.095:ERROR:entry_impl.cc(1076)] No file for 8000050d
[0819/132128.626:ERROR:entry_impl.cc(1076)] No file for 80000394
[0819/132128.630:ERROR:entry_impl.cc(1076)] No file for 8000050e
[0819/132135.520:ERROR:entry_impl.cc(1076)] No file for 8000053c
[0819/132142.282:ERROR:entry_impl.cc(1076)] No file for 80000539
[0819/143013.122:ERROR:entry_impl.cc(1076)] No file for 80000529
[0819/143032.777:ERROR:entry_impl.cc(1076)] No file for 80000521
[0819/143046.932:ERROR:entry_impl.cc(1076)] No file for 80000514
[0819/143046.932:ERROR:entry_impl.cc(1076)] No file for 8000046b
[0819/143046.932:ERROR:entry_impl.cc(1076)] No file for 80000515
[0819/143046.932:ERROR:entry_impl.cc(1076)] No file for 80000516
[0819/143046.933:ERROR:entry_impl.cc(1076)] No file for 80000517
[0819/143046.933:ERROR:entry_impl.cc(1076)] No file for 80000518
[0819/143046.933:ERROR:entry_impl.cc(1076)] No file for 80000519
[0819/143046.933:ERROR:entry_impl.cc(1076)] No file for 8000051a
[0819/143046.933:ERROR:entry_impl.cc(1076)] No file for 8000051b
[0819/143046.934:ERROR:entry_impl.cc(1076)] No file for 8000051e
[0819/143046.934:ERROR:entry_impl.cc(1076)] No file for 8000051c
[0819/143046.935:ERROR:entry_impl.cc(1076)] No file for 8000051d
[0819/143046.935:ERROR:entry_impl.cc(1076)] No file for 80000520
[0819/143046.935:ERROR:entry_impl.cc(1076)] No file for 8000051f
[0819/143046.936:ERROR:entry_impl.cc(1076)] No file for 80000523
[0819/143046.947:ERROR:entry_impl.cc(1076)] No file for 80000526
[0819/143046.947:ERROR:entry_impl.cc(1076)] No file for 80000522
[0819/143046.947:ERROR:entry_impl.cc(1076)] No file for 80000511
[0819/143046.947:ERROR:entry_impl.cc(1076)] No file for 80000525
[0819/143046.948:ERROR:entry_impl.cc(1076)] No file for 80000524
[0819/143046.948:ERROR:entry_impl.cc(1076)] No file for 80000527
[0819/143046.948:ERROR:entry_impl.cc(1076)] No file for 80000528
[0819/153658.415:ERROR:entry_impl.cc(1076)] No file for 80000576
[0819/153658.415:ERROR:entry_impl.cc(1076)] No file for 8000057d
[0819/153658.415:ERROR:entry_impl.cc(1076)] No file for 8000052f
[0819/153658.419:ERROR:entry_impl.cc(1076)] No file for 8000052c
[0819/153658.558:ERROR:entry_impl.cc(1076)] No file for 80000584
[0819/153658.633:ERROR:entry_impl.cc(1076)] No file for 8000055e
[0819/160648.580:ERROR:entry_impl.cc(1076)] No file for 800005f0
[0819/160649.720:ERROR:entry_impl.cc(1076)] No file for 80000597
[0819/160649.761:ERROR:entry_impl.cc(1076)] No file for 800005a0
[0819/160649.812:ERROR:entry_impl.cc(1076)] No file for 800005f1
[0819/160649.814:ERROR:entry_impl.cc(1076)] No file for 800005a1
[0819/160649.815:ERROR:entry_impl.cc(1076)] No file for 80000598
[0819/160649.816:ERROR:entry_impl.cc(1076)] No file for 80000599
[0819/160649.865:ERROR:entry_impl.cc(1076)] No file for 8000059c
[0819/160650.076:ERROR:entry_impl.cc(1076)] No file for 8000059a
[0819/160650.078:ERROR:entry_impl.cc(1076)] No file for 8000059b
[0819/160650.583:ERROR:entry_impl.cc(1076)] No file for 800005a3
[0819/160650.590:ERROR:entry_impl.cc(1076)] No file for 800005f2
